Dec 04, 2018 11:03:47 PM org.apache.catalina.startup.VersionLoggerListener log
INFO: Server version:        Apache Tomcat/7.0.68
Dec 04, 2018 11:03:47 PM org.apache.catalina.startup.VersionLoggerListener log
INFO: Server built:          Feb 8 2016 20:25:54 UTC
Dec 04, 2018 11:03:47 PM org.apache.catalina.startup.VersionLoggerListener log
INFO: Server number:         7.0.68.0
Dec 04, 2018 11:03:47 PM org.apache.catalina.startup.VersionLoggerListener log
INFO: OS Name:               Linux
Dec 04, 2018 11:03:47 PM org.apache.catalina.startup.VersionLoggerListener log
INFO: OS Version:            4.9.93-linuxkit-aufs
Dec 04, 2018 11:03:47 PM org.apache.catalina.startup.VersionLoggerListener log
INFO: Architecture:          amd64
Dec 04, 2018 11:03:47 PM org.apache.catalina.startup.VersionLoggerListener log
INFO: Java Home:             /usr/lib/jvm/oracle-jdk/jre
Dec 04, 2018 11:03:47 PM org.apache.catalina.startup.VersionLoggerListener log
INFO: JVM Version:           1.8.0_91-b14
Dec 04, 2018 11:03:47 PM org.apache.catalina.startup.VersionLoggerListener log
INFO: JVM Vendor:            Oracle Corporation
Dec 04, 2018 11:03:47 PM org.apache.catalina.startup.VersionLoggerListener log
INFO: CATALINA_BASE:         /opt/teamcity
Dec 04, 2018 11:03:47 PM org.apache.catalina.startup.VersionLoggerListener log
INFO: CATALINA_HOME:         /opt/teamcity
Dec 04, 2018 11:03:47 PM org.apache.catalina.startup.VersionLoggerListener log
INFO: Command line argument: -Djava.util.logging.config.file=/opt/teamcity/conf/logging.properties
Dec 04, 2018 11:03:47 PM org.apache.catalina.startup.VersionLoggerListener log
INFO: Command line argument: -Djava.util.logging.manager=org.apache.juli.ClassLoaderLogManager
Dec 04, 2018 11:03:47 PM org.apache.catalina.startup.VersionLoggerListener log
INFO: Command line argument: -Xmx512m
Dec 04, 2018 11:03:47 PM org.apache.catalina.startup.VersionLoggerListener log
INFO: Command line argument: -Dteamcity.configuration.path=../conf/teamcity-startup.properties
Dec 04, 2018 11:03:47 PM org.apache.catalina.startup.VersionLoggerListener log
INFO: Command line argument: -Dlog4j.configuration=file:/opt/teamcity/bin/../conf/teamcity-server-log4j.xml
Dec 04, 2018 11:03:47 PM org.apache.catalina.startup.VersionLoggerListener log
INFO: Command line argument: -Dteamcity_logs=../logs/
Dec 04, 2018 11:03:47 PM org.apache.catalina.startup.VersionLoggerListener log
INFO: Command line argument: -Djava.awt.headless=true
Dec 04, 2018 11:03:47 PM org.apache.catalina.startup.VersionLoggerListener log
INFO: Command line argument: -Djava.endorsed.dirs=/opt/teamcity/endorsed
Dec 04, 2018 11:03:47 PM org.apache.catalina.startup.VersionLoggerListener log
INFO: Command line argument: -Dcatalina.base=/opt/teamcity
Dec 04, 2018 11:03:47 PM org.apache.catalina.startup.VersionLoggerListener log
INFO: Command line argument: -Dcatalina.home=/opt/teamcity
Dec 04, 2018 11:03:47 PM org.apache.catalina.startup.VersionLoggerListener log
INFO: Command line argument: -Djava.io.tmpdir=/opt/teamcity/temp
Dec 04, 2018 11:03:47 PM org.apache.catalina.core.AprLifecycleListener lifecycleEvent
INFO: The APR based Apache Tomcat Native library which allows optimal performance in production environments was not found on the java.library.path: /usr/java/packages/lib/amd64:/usr/lib64:/lib64:/lib:/usr/lib
Dec 04, 2018 11:03:47 PM org.apache.coyote.AbstractProtocol init
INFO: Initializing ProtocolHandler ["http-nio-8111"]
Dec 04, 2018 11:03:47 PM org.apache.tomcat.util.net.NioSelectorPool getSharedSelector
INFO: Using a shared selector for servlet write/read
Dec 04, 2018 11:03:47 PM org.apache.catalina.startup.Catalina load
INFO: Initialization processed in 629 ms
Dec 04, 2018 11:03:47 PM org.apache.catalina.core.StandardService startInternal
INFO: Starting service Catalina
Dec 04, 2018 11:03:47 PM org.apache.catalina.core.StandardEngine startInternal
INFO: Starting Servlet Engine: Apache Tomcat/7.0.68
Dec 04, 2018 11:03:47 PM org.apache.catalina.startup.HostConfig deployDirectory
INFO: Deploying web application directory /opt/teamcity/webapps/ROOT
Dec 04, 2018 11:03:50 PM org.apache.catalina.startup.TldConfig execute
INFO: At least one JAR was scanned for TLDs yet contained no TLDs. Enable debug logging for this logger for a complete list of JARs that were scanned but no TLDs were found in them. Skipping unneeded JARs during scanning can improve startup time and JSP compilation time.
Dec 04, 2018 11:03:50 PM org.apache.catalina.startup.HostConfig deployDirectory
INFO: Deployment of web application directory /opt/teamcity/webapps/ROOT has finished in 2,919 ms
Dec 04, 2018 11:03:50 PM org.apache.coyote.AbstractProtocol start
INFO: Starting ProtocolHandler ["http-nio-8111"]
Dec 04, 2018 11:03:50 PM org.apache.catalina.startup.Catalina start
INFO: Server startup in 2985 ms
