[2018-12-05 21:41:12,940]   INFO [18-12-05 21:39)] - est.APIController/rest-api-9.1 - Listening for paths [/app/rest/9.1] in plugin 'rest-api-9.1' 
[2018-12-05 21:41:12,949]   INFO [18-12-05 21:39)] - est.APIController/rest-api-9.0 - Listening for paths [/app/rest/9.0] in plugin 'rest-api-9.0' 
[2018-12-05 21:41:12,950]   INFO [18-12-05 21:39)] - er.rest.APIController/rest-api - Listening for paths [/app/rest/10.0, /app/rest, /app/rest/latest, /api] in plugin 'rest-api' 
[2018-12-05 21:41:24,375]   INFO [18-12-05 21:39)] - rver.server.rest.APIController - Listening for paths [/app/rest/8.0, /app/rest/8.1] in plugin 'rest-api-8.1' 
[2018-12-05 21:42:16,303]   INFO [io-8111-exec-10] - nsAwareResourceConfig/rest-api - Packages registered by rest extensions: [jetbrains.buildServer.server.restcontrib] 
[2018-12-05 21:42:16,481]   INFO [io-8111-exec-10] - nsAwareResourceConfig/rest-api - Root resource classes found:
  class jetbrains.buildServer.server.rest.request.VcsRootRequest
  class jetbrains.buildServer.server.rest.request.ProjectRequest
  class jetbrains.buildServer.server.rest.request.BuildRequest
  class jetbrains.buildServer.server.rest.request.BuildQueueRequest
  class jetbrains.buildServer.server.rest.request.ProblemOccurrenceRequest
  class jetbrains.buildServer.server.rest.request.AgentPoolRequest
  class jetbrains.buildServer.server.rest.request.InvestigationRequest
  class jetbrains.buildServer.server.rest.request.UserRequest
  class jetbrains.buildServer.server.rest.request.VcsRootInstanceRequest
  class jetbrains.buildServer.server.rest.request.ProblemRequest
  class jetbrains.buildServer.server.rest.request.AgentRequest
  class jetbrains.buildServer.server.rest.request.DebugRequest
  class jetbrains.buildServer.server.rest.request.RootApiRequest
  class jetbrains.buildServer.server.rest.request.TestRequest
  class jetbrains.buildServer.server.rest.request.GroupRequest
  class jetbrains.buildServer.server.rest.request.ChangeRequest
  class jetbrains.buildServer.server.rest.swagger.SwaggerResource
  class jetbrains.buildServer.server.rest.request.FederationRequest
  class jetbrains.buildServer.server.restcontrib.cctray.request.CCTrayRequest
  class jetbrains.buildServer.server.rest.request.BuildTypeRequest
  class jetbrains.buildServer.server.rest.request.ServerRequest
  class jetbrains.buildServer.server.rest.request.TestOccurrenceRequest 
[2018-12-05 21:42:16,482]   INFO [io-8111-exec-10] - nsAwareResourceConfig/rest-api - Provider classes found:
  class jetbrains.buildServer.server.rest.swagger.SwaggerSerializers
  class jetbrains.buildServer.server.rest.swagger.SwaggerConfigProvider
  class jetbrains.buildServer.server.rest.swagger.SwaggerReaderConfigProvider 
