[2018-12-04 23:03:50,547]   INFO -  jetbrains.buildServer.STARTUP - Path to the startup configuration file: /opt/teamcity/bin/../conf/teamcity-startup.properties 
[2018-12-04 23:03:50,601]   INFO -  jetbrains.buildServer.STARTUP - 





 
[2018-12-04 23:03:50,603]   INFO -  jetbrains.buildServer.STARTUP - =========================================================== 
[2018-12-04 23:03:50,603]   INFO -  jetbrains.buildServer.STARTUP - Starting TeamCity server 
[2018-12-04 23:03:50,951]   INFO -  jetbrains.buildServer.STARTUP - TeamCity version: 10.0.1 (build 42078), data format version 787 
[2018-12-04 23:03:50,961]   INFO -  jetbrains.buildServer.STARTUP - OS: Linux, User: root, Java: 1.8.0_91, Java HotSpot(TM) 64-Bit Server VM (25.91-b14, mixed mode), Java(TM) SE Runtime Environment (1.8.0_91-b14), Oracle Corporation 
[2018-12-04 23:03:50,961]   INFO -  jetbrains.buildServer.STARTUP - JVM parameters: -Djava.util.logging.config.file=/opt/teamcity/conf/logging.properties -Djava.util.logging.manager=org.apache.juli.ClassLoaderLogManager -Xmx512m -Dteamcity.configuration.path=../conf/teamcity-startup.properties -Dlog4j.configuration=file:/opt/teamcity/bin/../conf/teamcity-server-log4j.xml -Dteamcity_logs=../logs/ -Djava.awt.headless=true -Djava.endorsed.dirs=/opt/teamcity/endorsed -Dcatalina.base=/opt/teamcity -Dcatalina.home=/opt/teamcity -Djava.io.tmpdir=/opt/teamcity/temp 
[2018-12-04 23:03:50,962]   INFO -  jetbrains.buildServer.STARTUP - Garbage collection: PS Scavenge, PS MarkSweep 
[2018-12-04 23:03:50,962]   INFO -  jetbrains.buildServer.STARTUP - Web server version: Apache Tomcat/7.0.68 
[2018-12-04 23:03:50,963]   INFO -  jetbrains.buildServer.STARTUP - Server IP address: 172.18.0.3 
[2018-12-04 23:03:50,966]   INFO -  jetbrains.buildServer.STARTUP - Web server ports: 8111 (protocol: org.apache.coyote.http11.Http11NioProtocol, scheme: http), 8105 (shutdown port) 
[2018-12-04 23:03:50,967]   INFO -  jetbrains.buildServer.STARTUP - TeamCity server work mode: Main TeamCity Server 
[2018-12-04 23:03:50,971]   INFO -  jetbrains.buildServer.STARTUP - Version file lock was successfully obtained: /opt/teamcity/webapps/ROOT/BUILD_42078 
[2018-12-04 23:03:50,989]   INFO -  jetbrains.buildServer.STARTUP - Servlet real path: /opt/teamcity/webapps/ROOT/ 
[2018-12-04 23:03:50,994]   INFO -  jetbrains.buildServer.STARTUP - Current stage: Looking for the TeamCity Data Directory 
[2018-12-04 23:03:50,995]   INFO -  jetbrains.buildServer.STARTUP - The TeamCity Data Directory path is determined using the environment variable TEAMCITY_DATA_PATH 
[2018-12-04 23:03:51,000]   INFO -  jetbrains.buildServer.STARTUP - The TeamCity Data Directory "/data/teamcity_server/datadir" exists 
[2018-12-04 23:03:51,001]   INFO -  jetbrains.buildServer.STARTUP - Asking user to confirm first start with the predefined TeamCity Data Directory path 
[2018-12-04 23:03:51,001]   INFO -  jetbrains.buildServer.STARTUP - Startup confirmation is required. Open TeamCity web page in the browser 
[2018-12-04 23:03:51,001]   INFO -  jetbrains.buildServer.STARTUP - Current stage: Confirming TeamCity first start (administrator login is required to proceed) 
[2018-12-05 07:44:22,123]   INFO -  jetbrains.buildServer.STARTUP - Server shutdown event received 
[2018-12-05 07:44:22,123]   INFO -  jetbrains.buildServer.STARTUP - Current stage: TeamCity server is shutting down 
[2018-12-05 07:44:22,123]   INFO -  jetbrains.buildServer.STARTUP - Stopping the main application 
[2018-12-05 07:44:22,124]   INFO -  jetbrains.buildServer.STARTUP - The main servlet is not initialized, nothing to shut down. 
[2018-12-05 07:44:22,124]   INFO -  jetbrains.buildServer.STARTUP - Version file lock was released: /opt/teamcity/webapps/ROOT/BUILD_42078 
[2018-12-05 07:44:22,124]   INFO -  jetbrains.buildServer.STARTUP - Server shutdown complete 
[2018-12-05 21:26:22,201]   INFO -  jetbrains.buildServer.STARTUP - Path to the startup configuration file: /opt/teamcity/bin/../conf/teamcity-startup.properties 
[2018-12-05 21:26:22,285]   INFO -  jetbrains.buildServer.STARTUP - 





 
[2018-12-05 21:26:22,290]   INFO -  jetbrains.buildServer.STARTUP - =========================================================== 
[2018-12-05 21:26:22,291]   INFO -  jetbrains.buildServer.STARTUP - Starting TeamCity server 
[2018-12-05 21:26:22,770]   INFO -  jetbrains.buildServer.STARTUP - TeamCity version: 10.0.1 (build 42078), data format version 787 
[2018-12-05 21:26:22,782]   INFO -  jetbrains.buildServer.STARTUP - OS: Linux, User: root, Java: 1.8.0_91, Java HotSpot(TM) 64-Bit Server VM (25.91-b14, mixed mode), Java(TM) SE Runtime Environment (1.8.0_91-b14), Oracle Corporation 
[2018-12-05 21:26:22,782]   INFO -  jetbrains.buildServer.STARTUP - JVM parameters: -Djava.util.logging.config.file=/opt/teamcity/conf/logging.properties -Djava.util.logging.manager=org.apache.juli.ClassLoaderLogManager -Xmx512m -Dteamcity.configuration.path=../conf/teamcity-startup.properties -Dlog4j.configuration=file:/opt/teamcity/bin/../conf/teamcity-server-log4j.xml -Dteamcity_logs=../logs/ -Djava.awt.headless=true -Djava.endorsed.dirs=/opt/teamcity/endorsed -Dcatalina.base=/opt/teamcity -Dcatalina.home=/opt/teamcity -Djava.io.tmpdir=/opt/teamcity/temp 
[2018-12-05 21:26:22,783]   INFO -  jetbrains.buildServer.STARTUP - Garbage collection: PS Scavenge, PS MarkSweep 
[2018-12-05 21:26:22,783]   INFO -  jetbrains.buildServer.STARTUP - Web server version: Apache Tomcat/7.0.68 
[2018-12-05 21:26:22,783]   INFO -  jetbrains.buildServer.STARTUP - Server IP address: 172.18.0.3 
[2018-12-05 21:26:22,794]   INFO -  jetbrains.buildServer.STARTUP - Web server ports: 8111 (protocol: org.apache.coyote.http11.Http11NioProtocol, scheme: http), 8105 (shutdown port) 
[2018-12-05 21:26:22,794]   INFO -  jetbrains.buildServer.STARTUP - TeamCity server work mode: Main TeamCity Server 
[2018-12-05 21:26:22,797]   INFO -  jetbrains.buildServer.STARTUP - Version file lock was successfully obtained: /opt/teamcity/webapps/ROOT/BUILD_42078 
[2018-12-05 21:26:22,828]   INFO -  jetbrains.buildServer.STARTUP - Servlet real path: /opt/teamcity/webapps/ROOT/ 
[2018-12-05 21:26:22,842]   INFO -  jetbrains.buildServer.STARTUP - Current stage: Looking for the TeamCity Data Directory 
[2018-12-05 21:26:22,843]   INFO -  jetbrains.buildServer.STARTUP - The TeamCity Data Directory path is determined using the environment variable TEAMCITY_DATA_PATH 
[2018-12-05 21:26:22,849]   INFO -  jetbrains.buildServer.STARTUP - The TeamCity Data Directory "/data/teamcity_server/datadir" exists 
[2018-12-05 21:26:22,849]   INFO -  jetbrains.buildServer.STARTUP - Asking user to confirm first start with the predefined TeamCity Data Directory path 
[2018-12-05 21:26:22,849]   INFO -  jetbrains.buildServer.STARTUP - Startup confirmation is required. Open TeamCity web page in the browser 
[2018-12-05 21:26:22,849]   INFO -  jetbrains.buildServer.STARTUP - Current stage: Confirming TeamCity first start (administrator login is required to proceed) 
[2018-12-05 21:37:34,833]   INFO -  jetbrains.buildServer.STARTUP - Server shutdown event received 
[2018-12-05 21:37:34,833]   INFO -  jetbrains.buildServer.STARTUP - Current stage: TeamCity server is shutting down 
[2018-12-05 21:37:34,833]   INFO -  jetbrains.buildServer.STARTUP - Stopping the main application 
[2018-12-05 21:37:34,833]   INFO -  jetbrains.buildServer.STARTUP - The main servlet is not initialized, nothing to shut down. 
[2018-12-05 21:37:34,834]   INFO -  jetbrains.buildServer.STARTUP - Version file lock was released: /opt/teamcity/webapps/ROOT/BUILD_42078 
[2018-12-05 21:37:34,834]   INFO -  jetbrains.buildServer.STARTUP - Server shutdown complete 
[2018-12-05 21:39:27,699]   INFO -  jetbrains.buildServer.STARTUP - Path to the startup configuration file: /opt/teamcity/bin/../conf/teamcity-startup.properties 
[2018-12-05 21:39:27,762]   INFO -  jetbrains.buildServer.STARTUP - 





 
[2018-12-05 21:39:27,764]   INFO -  jetbrains.buildServer.STARTUP - =========================================================== 
[2018-12-05 21:39:27,764]   INFO -  jetbrains.buildServer.STARTUP - Starting TeamCity server 
[2018-12-05 21:39:27,973]   INFO -  jetbrains.buildServer.STARTUP - TeamCity version: 10.0.1 (build 42078), data format version 787 
[2018-12-05 21:39:27,975]   INFO -  jetbrains.buildServer.STARTUP - OS: Linux, User: root, Java: 1.8.0_91, Java HotSpot(TM) 64-Bit Server VM (25.91-b14, mixed mode), Java(TM) SE Runtime Environment (1.8.0_91-b14), Oracle Corporation 
[2018-12-05 21:39:27,975]   INFO -  jetbrains.buildServer.STARTUP - JVM parameters: -Djava.util.logging.config.file=/opt/teamcity/conf/logging.properties -Djava.util.logging.manager=org.apache.juli.ClassLoaderLogManager -Xmx512m -Dteamcity.configuration.path=../conf/teamcity-startup.properties -Dlog4j.configuration=file:/opt/teamcity/bin/../conf/teamcity-server-log4j.xml -Dteamcity_logs=../logs/ -Djava.awt.headless=true -Djava.endorsed.dirs=/opt/teamcity/endorsed -Dcatalina.base=/opt/teamcity -Dcatalina.home=/opt/teamcity -Djava.io.tmpdir=/opt/teamcity/temp 
[2018-12-05 21:39:27,975]   INFO -  jetbrains.buildServer.STARTUP - Garbage collection: PS Scavenge, PS MarkSweep 
[2018-12-05 21:39:27,976]   INFO -  jetbrains.buildServer.STARTUP - Web server version: Apache Tomcat/7.0.68 
[2018-12-05 21:39:27,976]   INFO -  jetbrains.buildServer.STARTUP - Server IP address: 172.18.0.2 
[2018-12-05 21:39:27,978]   INFO -  jetbrains.buildServer.STARTUP - Web server ports: 8111 (protocol: org.apache.coyote.http11.Http11NioProtocol, scheme: http), 8105 (shutdown port) 
[2018-12-05 21:39:27,979]   INFO -  jetbrains.buildServer.STARTUP - TeamCity server work mode: Main TeamCity Server 
[2018-12-05 21:39:27,981]   INFO -  jetbrains.buildServer.STARTUP - Version file lock was successfully obtained: /opt/teamcity/webapps/ROOT/BUILD_42078 
[2018-12-05 21:39:27,988]   INFO -  jetbrains.buildServer.STARTUP - Servlet real path: /opt/teamcity/webapps/ROOT/ 
[2018-12-05 21:39:27,991]   INFO -  jetbrains.buildServer.STARTUP - Current stage: Looking for the TeamCity Data Directory 
[2018-12-05 21:39:27,991]   INFO -  jetbrains.buildServer.STARTUP - The TeamCity Data Directory path is determined using the environment variable TEAMCITY_DATA_PATH 
[2018-12-05 21:39:27,996]   INFO -  jetbrains.buildServer.STARTUP - The TeamCity Data Directory "/data/teamcity_server/datadir" exists 
[2018-12-05 21:39:27,996]   INFO -  jetbrains.buildServer.STARTUP - Asking user to confirm first start with the predefined TeamCity Data Directory path 
[2018-12-05 21:39:27,996]   INFO -  jetbrains.buildServer.STARTUP - Startup confirmation is required. Open TeamCity web page in the browser 
[2018-12-05 21:39:27,997]   INFO -  jetbrains.buildServer.STARTUP - Current stage: Confirming TeamCity first start (administrator login is required to proceed) 
[2018-12-05 21:40:30,628]   INFO -  jetbrains.buildServer.STARTUP - Current stage: Initializing the TeamCity Data Directory 
[2018-12-05 21:40:30,855]   INFO -  jetbrains.buildServer.STARTUP - Current stage: Setting up database connection (administrator login is required to proceed) 
[2018-12-05 21:40:42,995]   INFO -  jetbrains.buildServer.STARTUP - Generated JDBC connection string: jdbc:hsqldb:file:$TEAMCITY_SYSTEM_PATH/buildserver 
[2018-12-05 21:40:42,995]   INFO -  jetbrains.buildServer.STARTUP - Current stage: Creating a new database 
[2018-12-05 21:40:42,995]   INFO -  jetbrains.buildServer.STARTUP - Creating a new database 
[2018-12-05 21:40:43,974]   INFO -  jetbrains.buildServer.STARTUP - JDBC driver version: 2.3 (HSQL Database Engine Driver) 
[2018-12-05 21:40:43,974]   INFO -  jetbrains.buildServer.STARTUP - Database system version: 2.3.2 (HSQL Database Engine) 
[2018-12-05 21:40:43,974]   INFO -  jetbrains.buildServer.STARTUP - Connected to the database successfully 
[2018-12-05 21:40:43,994]   INFO -  jetbrains.buildServer.STARTUP - Using schema: PUBLIC 
[2018-12-05 21:40:43,999]   INFO -  jetbrains.buildServer.STARTUP - Schema contains no tables. 
[2018-12-05 21:40:43,999]   INFO -  jetbrains.buildServer.STARTUP - Creating database schema 
[2018-12-05 21:40:44,365]   INFO -  jetbrains.buildServer.STARTUP - Using schema: PUBLIC 
[2018-12-05 21:40:44,369]   INFO -  jetbrains.buildServer.STARTUP - Schema contains 138 tables. 
[2018-12-05 21:40:44,369]   INFO -  jetbrains.buildServer.STARTUP - Database version is 787 
[2018-12-05 21:40:44,383]   INFO -  jetbrains.buildServer.STARTUP - Created a new database.properties file with settings specified from Web UI. 
[2018-12-05 21:40:44,383]   INFO -  jetbrains.buildServer.STARTUP - Current stage: Initializing TeamCity server components 
[2018-12-05 21:40:44,689]   INFO -  jetbrains.buildServer.STARTUP - Starting the main application 
[2018-12-05 21:40:44,795]   INFO - ebDispatcherApplicationContext - Refreshing jetbrains.buildServer.maintenance.WebDispatcherApplicationContext@4315d663: startup date [Wed Dec 05 21:40:44 UTC 2018]; root of context hierarchy 
[2018-12-05 21:40:44,826]   INFO - MainTeamCityApplicationContext - Refreshing WebApplicationContext for namespace 'buildServer-servlet': startup date [Wed Dec 05 21:40:44 UTC 2018]; parent: jetbrains.buildServer.maintenance.WebDispatcherApplicationContext@4315d663 
[2018-12-05 21:40:48,020]   INFO -   jetbrains.buildServer.SERVER - Build history cache size is set to 10000 entries 
[2018-12-05 21:40:48,254]   INFO -   jetbrains.buildServer.SERVER - Start initializing build durations cache... 
[2018-12-05 21:40:48,257]   INFO -   jetbrains.buildServer.SERVER - Finished initializing build durations cache, time spent: 3 ms 
[2018-12-05 21:40:49,377]   INFO -   jetbrains.buildServer.SERVER - Loading roles from the configuration file: /data/teamcity_server/datadir/config/roles-config.xml 
[2018-12-05 21:40:51,003]   INFO -   jetbrains.buildServer.SERVER - Applying memory thresholds for Memory Usage Monitor: storing 100 last measurements; time between measurements: 3000ms. Thresholds: {TC_TOTAL_MEMORY_USAGE_KEY=90.0, PS Old Gen=90.0} 
[2018-12-05 21:40:53,408]   INFO - til.ChildSpringContextLoader$1 - Refreshing jetbrains.buildServer.util.ChildSpringContextLoader$1@2fd986f7: startup date [Wed Dec 05 21:40:53 UTC 2018]; parent: WebApplicationContext for namespace 'buildServer-servlet' 
[2018-12-05 21:40:53,750]   INFO -  jetbrains.buildServer.STARTUP - TeamCity Spring context contains 1283 beans 
[2018-12-05 21:40:54,146]   INFO -  jetbrains.buildServer.STARTUP - TeamCity Spring context created in: 9324 ms 
[2018-12-05 21:40:54,242]   INFO -   jetbrains.buildServer.SERVER - Root project configuration files created 
[2018-12-05 21:40:54,524]   INFO - rver.plugins.PluginManagerImpl - =========================================================== 
[2018-12-05 21:40:54,524]   INFO - rver.plugins.PluginManagerImpl - Plugins initialization started... 
[2018-12-05 21:40:54,525]   INFO - rver.plugins.PluginManagerImpl - Scanning plugins folders 
[2018-12-05 21:40:54,528]   INFO - .plugins.files.JarSearcherBase - Scanning plugin folder: /opt/teamcity/webapps/ROOT/WEB-INF/plugins 
[2018-12-05 21:40:57,692]   INFO - .plugins.files.JarSearcherBase - Scanning plugin folder: /data/teamcity_server/datadir/plugins 
[2018-12-05 21:40:57,723]   INFO - rver.plugins.PluginManagerImpl - Found 94 bundled plugins: [agent-system-info (ver:42078), agent.push (ver:42078), Ant (ver:42078), ant-net-tasks (ver:42078), Apache Ant (ver:42078), artifactsSizeStatistics (ver:42078), bugzilla (ver:42078), buildDurationStatisticsPlugin (ver:42078), changeViewers (ver:42078), clearcase (ver:42078), cloud-amazon (ver:42078), commandLineRunner (ver:42078), commit-status-publisher (ver:42078), configs-dsl (ver:42078), coverage (ver:42078), cvs (ver:42078), data-dir-browse (ver:42078), deploy-runner (ver:42078), dotnet-tools (ver:42078), dotNetRunners (ver:42078), Duplicator (ver:42078), eclipse-plugin-distributor (ver:42078), email (ver:42078), environment-fetcher (ver:42078), feed (ver:42078), file-content-replacer (ver:42078), flaky-test-detector (ver:42078), FxCop (ver:42078), gant-tool (ver:42078), GAntRunner (ver:42078), gradle-runner (ver:42078), idea-tool (ver:42078), Inspection (ver:42078), intellij-plugin-distributor (ver:42078), Ipr (ver:42078), jabber (ver:42078), Java Crashed detector (ver:42078), java-dowser (ver:42078), jetbrains.git (ver:42078), jira (ver:42078), jps-old-tool (ver:42078), jps-tool (ver:42078), jvm-update (ver:42078), ldap (ver:42078), maven-tool (ver:42078), Maven2 (ver:42078), maven3-tool (ver:42078), maven3_1-tool (ver:42078), maven3_2-tool (ver:42078), maven3_3-tool (ver:42078), mercurial (ver:42078), metarunner (ver:42078), nt-domain-login (ver:42078), nuget (ver:42078), perfmon (ver:42078), perforce (ver:42078), powershell-runner (ver:42078), priority-queue (ver:42078), projectLimits (ver:42078), queue-pauser (ver:42078), rake-runner (ver:42078), remoteAccess (ver:42078), rest-api (ver:42078), rest-api-6.0 (ver:42078), rest-api-7.0 (ver:42078), rest-api-8.1 (ver:42078), rest-api-9.0 (ver:42078), rest-api-9.1 (ver:42078), rest-api-contrib (ver:42078), rest-api-contrib-9.0 (ver:42078), rest-api-contrib-9.1 (ver:42078), sbt-runner (ver:42078), searchBuildByNumber (ver:42078), ssh-manager (ver:42078), stacktraces (ver:42078), starteam (ver:42078), svn (ver:42078), swabra (ver:42078), TeamCity.BitBucketIssues (ver:42078), TeamCity.GitHubIssues (ver:42078), TeamCity.SharedResources (ver:42078), tfs (ver:42078), unified-ui (ver:42078), usage-statistics (ver:42078), vault-vcs (ver:42078), visualstudiotest (ver:42078), vmware-cloud (ver:42078), vs-addin-distributor (ver:42078), vss (ver:42078), WindowsTray (ver:42078), WindowsTray-distributor (ver:42078), xcode-runner (ver:42078), xml-report-plugin (ver:42078), youtrack (ver:42078)] 
[2018-12-05 21:40:57,828]   INFO - rver.plugins.PluginsCollection - Load shared classloader for 43 plugins [Ant, ant-net-tasks, Apache Ant, artifactsSizeStatistics, buildDurationStatisticsPlugin, changeViewers, clearcase, commandLineRunner, coverage, cvs, Duplicator, email, environment-fetcher, feed, gant-tool, GAntRunner, gradle-runner, idea-tool, Inspection, intellij-plugin-distributor, Ipr, jabber, Java Crashed detector, jps-old-tool, jps-tool, ldap, maven-tool, maven3-tool, maven3_1-tool, maven3_2-tool, maven3_3-tool, perfmon, priority-queue, projectLimits, remoteAccess, sbt-runner, searchBuildByNumber, stacktraces, starteam, swabra, WindowsTray, xml-report-plugin, youtrack] 
[2018-12-05 21:40:57,845]   INFO - rver.plugins.PluginsCollection - Load standalone classloaders for 51 plugins [agent-system-info, agent.push, bugzilla, cloud-amazon, commit-status-publisher, configs-dsl, data-dir-browse, deploy-runner, dotnet-tools, dotNetRunners, eclipse-plugin-distributor, file-content-replacer, flaky-test-detector, FxCop, java-dowser, jetbrains.git, jira, jvm-update, Maven2, mercurial, metarunner, nt-domain-login, nuget, perforce, powershell-runner, queue-pauser, rake-runner, rest-api, rest-api-6.0, rest-api-7.0, rest-api-8.1, rest-api-9.0, rest-api-9.1, rest-api-contrib, rest-api-contrib-9.0, rest-api-contrib-9.1, ssh-manager, svn, TeamCity.BitBucketIssues, TeamCity.GitHubIssues, TeamCity.SharedResources, tfs, unified-ui, usage-statistics, vault-vcs, visualstudiotest, vmware-cloud, vs-addin-distributor, vss, WindowsTray-distributor, xcode-runner] 
[2018-12-05 21:41:01,860]   INFO -   jetbrains.buildServer.SERVER - Creating new index (version.24) 
[2018-12-05 21:41:01,860]   INFO -   jetbrains.buildServer.SERVER - Creating new index (version.24) 
[2018-12-05 21:41:02,801]   INFO - e.RemoteMavenServerManagerImpl - Starting server 
[2018-12-05 21:41:03,234]   INFO - e.RemoteMavenServerManagerImpl - Remote server is connected. 
[2018-12-05 21:41:12,915]   INFO - rver.plugins.PluginManagerImpl - Plugins initialization completed: 
[2018-12-05 21:41:12,916]   INFO - rver.plugins.PluginManagerImpl - Loaded 94 plugins: [agent-system-info (ver:42078), agent.push (ver:42078), Ant (ver:42078), ant-net-tasks (ver:42078), Apache Ant (ver:42078), artifactsSizeStatistics (ver:42078), bugzilla (ver:42078), buildDurationStatisticsPlugin (ver:42078), changeViewers (ver:42078), clearcase (ver:42078), cloud-amazon (ver:42078), commandLineRunner (ver:42078), commit-status-publisher (ver:42078), configs-dsl (ver:42078), coverage (ver:42078), cvs (ver:42078), data-dir-browse (ver:42078), deploy-runner (ver:42078), dotnet-tools (ver:42078), dotNetRunners (ver:42078), Duplicator (ver:42078), eclipse-plugin-distributor (ver:42078), email (ver:42078), environment-fetcher (ver:42078), feed (ver:42078), file-content-replacer (ver:42078), flaky-test-detector (ver:42078), FxCop (ver:42078), gant-tool (ver:42078), GAntRunner (ver:42078), gradle-runner (ver:42078), idea-tool (ver:42078), Inspection (ver:42078), intellij-plugin-distributor (ver:42078), Ipr (ver:42078), jabber (ver:42078), Java Crashed detector (ver:42078), java-dowser (ver:42078), jetbrains.git (ver:42078), jira (ver:42078), jps-old-tool (ver:42078), jps-tool (ver:42078), jvm-update (ver:42078), ldap (ver:42078), maven-tool (ver:42078), Maven2 (ver:42078), maven3-tool (ver:42078), maven3_1-tool (ver:42078), maven3_2-tool (ver:42078), maven3_3-tool (ver:42078), mercurial (ver:42078), metarunner (ver:42078), nt-domain-login (ver:42078), nuget (ver:42078), perfmon (ver:42078), perforce (ver:42078), powershell-runner (ver:42078), priority-queue (ver:42078), projectLimits (ver:42078), queue-pauser (ver:42078), rake-runner (ver:42078), remoteAccess (ver:42078), rest-api (ver:42078), rest-api-6.0 (ver:42078), rest-api-7.0 (ver:42078), rest-api-8.1 (ver:42078), rest-api-9.0 (ver:42078), rest-api-9.1 (ver:42078), rest-api-contrib (ver:42078), rest-api-contrib-9.0 (ver:42078), rest-api-contrib-9.1 (ver:42078), sbt-runner (ver:42078), searchBuildByNumber (ver:42078), ssh-manager (ver:42078), stacktraces (ver:42078), starteam (ver:42078), svn (ver:42078), swabra (ver:42078), TeamCity.BitBucketIssues (ver:42078), TeamCity.GitHubIssues (ver:42078), TeamCity.SharedResources (ver:42078), tfs (ver:42078), unified-ui (ver:42078), usage-statistics (ver:42078), vault-vcs (ver:42078), visualstudiotest (ver:42078), vmware-cloud (ver:42078), vs-addin-distributor (ver:42078), vss (ver:42078), WindowsTray (ver:42078), WindowsTray-distributor (ver:42078), xcode-runner (ver:42078), xml-report-plugin (ver:42078), youtrack (ver:42078)] 
[2018-12-05 21:41:12,917]   INFO - rver.plugins.PluginManagerImpl - =========================================================== 
[2018-12-05 21:41:12,917]   INFO -   jetbrains.buildServer.SERVER - TeamCity plugins loaded in: 18393 ms 
[2018-12-05 21:41:13,356]   INFO - r.configs.dsl.DslPluginManager - Plugin sources are packed in 30ms 
[2018-12-05 21:41:24,361]   INFO - r.configs.dsl.DslPluginManager - Plugins dsl compiled in 11005ms 
[2018-12-05 21:41:24,385]   INFO -   jetbrains.buildServer.SERVER - Start loading server configuration... 
[2018-12-05 21:41:24,476]   INFO -  jetbrains.buildServer.CLEANUP - Max cleanup duration is set to 0 seconds 
[2018-12-05 21:41:24,496]   INFO -  jetbrains.buildServer.CLEANUP - Cleanup time has been set to 03:00:00 daily 
[2018-12-05 21:41:24,497]   INFO -  jetbrains.buildServer.CLEANUP - Cleanup is enabled 
[2018-12-05 21:41:24,704]   INFO -   jetbrains.buildServer.SERVER - Server configuration loaded in: 319 ms 
[2018-12-05 21:41:24,707]   INFO -   jetbrains.buildServer.SERVER - Start prefetching changes for 0 build configurations... 
[2018-12-05 21:41:24,708]   INFO -   jetbrains.buildServer.SERVER - Loading history of VCS changes... 
[2018-12-05 21:41:24,731]   INFO -   jetbrains.buildServer.SERVER - History of VCS changes loaded in 22 ms (0 modifications since 06 Dec 2015 21:41, id range: 0 - 1) 
[2018-12-05 21:41:24,732]   INFO -   jetbrains.buildServer.SERVER - Found: 0 VCS changes not attached to any build configuration, these changes will be ignored 
[2018-12-05 21:41:24,746]   INFO -   jetbrains.buildServer.SERVER - Done loading history of VCS changes: 0 changes loaded 
[2018-12-05 21:41:24,747]   INFO -   jetbrains.buildServer.SERVER - Done prefetching changes 
[2018-12-05 21:41:28,281]   INFO -   jetbrains.buildServer.SERVER - TeamCity initialized, server UUID: 08ebcd6d-777c-4734-b98e-b721c12eb16b, URL: http://localhost 
[2018-12-05 21:41:28,281]   INFO -   jetbrains.buildServer.SERVER - TeamCity is running in professional mode 
[2018-12-05 21:41:28,283]   INFO - utors.DeferringExecutorService - 3 commands sent to execution 
[2018-12-05 21:41:28,288]   INFO - utors.DeferringExecutorService - 4 commands sent to execution 
[2018-12-05 21:41:28,289]   INFO - utors.DeferringExecutorService - 0 commands sent to execution 
[2018-12-05 21:41:28,289]   INFO - utors.DeferringExecutorService - 0 commands sent to execution 
[2018-12-05 21:41:28,289]   INFO - utors.DeferringExecutorService - 0 commands sent to execution 
[2018-12-05 21:41:28,353]   INFO -   jetbrains.buildServer.SERVER - Start loading cache of build committers... 
[2018-12-05 21:41:28,372]   INFO -   jetbrains.buildServer.SERVER - Done loading cache of build committers 
[2018-12-05 21:41:28,525]   INFO -   jetbrains.buildServer.SERVER - Super user authentication token: "3716621429776327169". To login as Super user use an empty username and this token as a password on the login page. 
[2018-12-05 21:41:28,533]   INFO - .agent.AgentZipVersionProvider - Build agent distribution '/opt/teamcity/webapps/ROOT/update/buildAgent.zip' state initialized. Last modified: 09.08.2016 12:18:52, size: 17747045 
[2018-12-05 21:41:28,534]   INFO -   jetbrains.buildServer.SERVER - Start loading test runs for investigations and mutes into cache... 
[2018-12-05 21:41:28,542]   INFO -   jetbrains.buildServer.SERVER - Start loading "failed to start" build configuration errors in background 
[2018-12-05 21:41:28,542]   INFO -   jetbrains.buildServer.SERVER - Done loading "failed to start" build configuration errors: loaded 0 problems 
[2018-12-05 21:41:28,617]   INFO -   jetbrains.buildServer.SERVER - Done loading test runs. Tests number: 0, cache size: 0 
[2018-12-05 21:41:28,821]   INFO - ority.PriorityClassManagerImpl - Loading priority classes from the configuration file: /data/teamcity_server/datadir/config/build-queue-priorities.xml 
[2018-12-05 21:41:28,826]   INFO -   jetbrains.buildServer.SERVER - Ordering strategy changed to jetbrains.buildServer.serverSide.priority.BuildQueuePriorityOrdering 
[2018-12-05 21:41:28,835]   INFO - verSide.impl.BuildServerRunner - Start daemons 
[2018-12-05 21:41:28,840]   INFO - tbrains.buildServer.ACTIVITIES - Server Started 
[2018-12-05 21:41:28,873]   INFO -  jetbrains.buildServer.STARTUP - Startup duration: 2m:01s 
[2018-12-05 21:41:28,873]   INFO -  jetbrains.buildServer.STARTUP - Current stage: System is ready 
[2018-12-05 21:41:28,938]   INFO - .agent.AgentZipVersionProvider - Build agent distribution version is set to 42078, hash=SHA-1k+frzfQwd8ywWhWuBlzEnHYfdYM= 
[2018-12-05 21:41:32,711]   INFO - nt.AgentPluginsVersionProvider - State of agent plugin packages is initialized in 3767 ms: new plugin 'agentSystemInfo.zip' file: '/opt/teamcity/webapps/ROOT/WEB-INF/plugins/.unpacked/agentSystemInfo/agent/agentSystemInfo.zip', hash: 'SHA-1ZzQ/bWec8dpM1/0rAapf88HwPDA='; new plugin 'amazonEC2.zip' file: '/opt/teamcity/webapps/ROOT/WEB-INF/plugins/cloud-amazon/agent/amazonEC2.zip', hash: 'SHA-1vrhqRYwEwpyqbkg4M35IhOZcBF8='; new plugin 'ant-net-tasks.zip' file: '/opt/teamcity/webapps/ROOT/WEB-INF/plugins/ant-net-tasks/agent/ant-net-tasks.zip', hash: 'SHA-14UjedxX5zt0StcBAR4Mtp9Ejzl0='; new plugin 'ant.zip' file: '/opt/teamcity/webapps/ROOT/WEB-INF/plugins/ant-tool/agent/ant.zip', hash: 'SHA-1CFgAoOJc1aA4KadzWaWKCM6ZGHI='; new plugin 'antPlugin.zip' file: '/opt/teamcity/webapps/ROOT/WEB-INF/plugins/ant/agent/antPlugin.zip', hash: 'SHA-11QAH8JWEQQeSehjT3brGXztC9jA='; new plugin 'clearcase-agent.zip' file: '/opt/teamcity/webapps/ROOT/WEB-INF/plugins/.unpacked/clearcase/agent/clearcase-agent.zip', hash: 'SHA-11EQMEpTDNZPcGAR4QiiOv7e475g='; new plugin 'cloud-vmware-agent.zip' file: '/opt/teamcity/webapps/ROOT/WEB-INF/plugins/.unpacked/cloud-vmware/agent/cloud-vmware-agent.zip', hash: 'SHA-1cpO32+xZQwIhyBoESYfmOooZSH4='; new plugin 'commandLineRunner.jar' file: '/opt/teamcity/webapps/ROOT/WEB-INF/plugins/commandLineRunner/agent/commandLineRunner.jar', hash: 'SHA-1O6ZdpBnQC9Ed6146M1kr1RKXkto='; new plugin 'coveragePlugin.zip' file: '/opt/teamcity/webapps/ROOT/WEB-INF/plugins/coverage/agent/coveragePlugin.zip', hash: 'SHA-1vBxKpSUXObSrIgURy657z/BuPJE='; new plugin 'crashDetector.zip' file: '/opt/teamcity/webapps/ROOT/WEB-INF/plugins/crash-detector/agent/crashDetector.zip', hash: 'SHA-1iCXK8PIKxbs9cqYVpDELo8KwtYs='; new plugin 'cvsAgent.zip' file: '/opt/teamcity/webapps/ROOT/WEB-INF/plugins/cvs/agent/cvsAgent.zip', hash: 'SHA-1+XkDsSvnDrpyiRFc9KnQQvK9L1g='; new plugin 'deploy-runner-agent.zip' file: '/opt/teamcity/webapps/ROOT/WEB-INF/plugins/.unpacked/deploy-runner/agent/deploy-runner-agent.zip', hash: 'SHA-1IF33Zd8TOSC3IXX52VJgAkDU9Gw='; new plugin 'dotCover.zip' file: '/opt/teamcity/webapps/ROOT/WEB-INF/plugins/dotNetRunners/agent/dotCover.zip', hash: 'SHA-1ZJHaYQAf4INh4QLTiAKoyI9XKhc='; new plugin 'dotNetPlugin.zip' file: '/opt/teamcity/webapps/ROOT/WEB-INF/plugins/dotNetRunners/agent/dotNetPlugin.zip', hash: 'SHA-1nw8CnSKZEMDQmHREU7TwfxoBJ0A='; new plugin 'dotNetRunners.zip' file: '/opt/teamcity/webapps/ROOT/WEB-INF/plugins/dotNetRunners/agent/dotNetRunners.zip', hash: 'SHA-13lcBQGp/ZNbgC10GCCybXvV2aNw='; new plugin 'dotnet-tools-agent.zip' file: '/opt/teamcity/webapps/ROOT/WEB-INF/plugins/.unpacked/dotnet-tools/agent/dotnet-tools-agent.zip', hash: 'SHA-1DFmSdYvcOZZP+s3PBVVVNqOdzh0='; new plugin 'duplicatePlugin.zip' file: '/opt/teamcity/webapps/ROOT/WEB-INF/plugins/Duplicator/agent/duplicatePlugin.zip', hash: 'SHA-1WRAKnTenlHfX0KHeWzMdLhnqXqA='; new plugin 'environment-fetcher-agent.jar' file: '/opt/teamcity/webapps/ROOT/WEB-INF/plugins/environment-fetcher/agent/environment-fetcher-agent.jar', hash: 'SHA-174XB8eJxeDP/YJN2OtVy9f5ORu0='; new plugin 'file-content-replacer.zip' file: '/opt/teamcity/webapps/ROOT/WEB-INF/plugins/file-content-replacer/agent/file-content-replacer.zip', hash: 'SHA-13nASHuQJ/wNd+V6jb+dxL2s3q5Q='; new plugin 'fxcop.zip' file: '/opt/teamcity/webapps/ROOT/WEB-INF/plugins/.unpacked/fxcop/agent/fxcop.zip', hash: 'SHA-1Xff7Vy5VtcbRcFssqpeg9lH93eQ='; new plugin 'gant.zip' file: '/opt/teamcity/webapps/ROOT/WEB-INF/plugins/gant-tool/agent/gant.zip', hash: 'SHA-1cPbZp2JJZi5sOIjc/AWRycjNrFg='; new plugin 'gantPlugin.zip' file: '/opt/teamcity/webapps/ROOT/WEB-INF/plugins/gantRunner/agent/gantPlugin.zip', hash: 'SHA-1pGik52PZChhCwN8HXrzq5aPRDr4='; new plugin 'gradle-runner.zip' file: '/opt/teamcity/webapps/ROOT/WEB-INF/plugins/gradle/agent/gradle-runner.zip', hash: 'SHA-17uI57bGljPj7IylJiSNddC4BqDI='; new plugin 'idea-runner.zip' file: '/opt/teamcity/webapps/ROOT/WEB-INF/plugins/ipr-runner/agent/idea-runner.zip', hash: 'SHA-1LA1vrYfmEFWOwRXuXWtk4MvyHqQ='; new plugin 'idea.zip' file: '/opt/teamcity/webapps/ROOT/WEB-INF/plugins/idea-tool/agent/idea.zip', hash: 'SHA-12tiGWX/jPyc/ta4ZdRf3Geh01R0='; new plugin 'inspectionPlugin.zip' file: '/opt/teamcity/webapps/ROOT/WEB-INF/plugins/server-side-inspections/agent/inspectionPlugin.zip', hash: 'SHA-10FYY8WpupaelHiXHdKLmXN2lSnQ='; new plugin 'ipr-runner.zip' file: '/opt/teamcity/webapps/ROOT/WEB-INF/plugins/ipr-runner/agent/ipr-runner.zip', hash: 'SHA-18LXDZYyek6+FrCjZ0R4yEoZL5iw='; new plugin 'jacoco.zip' file: '/opt/teamcity/webapps/ROOT/WEB-INF/plugins/coverage/agent/jacoco.zip', hash: 'SHA-1k9Eg4+LXM4tFeOeYZN1U4hLAIkM='; new plugin 'java-dowser.zip' file: '/opt/teamcity/webapps/ROOT/WEB-INF/plugins/java-dowser/agent/java-dowser.zip', hash: 'SHA-12QNUQPL2/cb+cAfB+KY/X6OhU7s='; new plugin 'jetbrains.git.zip' file: '/opt/teamcity/webapps/ROOT/WEB-INF/plugins/.unpacked/jetbrains.git/agent/jetbrains.git.zip', hash: 'SHA-1g6SyD6Y4eUXvc5C50sVSzKOdnwA='; new plugin 'jps-old.zip' file: '/opt/teamcity/webapps/ROOT/WEB-INF/plugins/jps-old-tool/agent/jps-old.zip', hash: 'SHA-1UgFMxFqW2jM0u1DRYJVh/V0klBc='; new plugin 'jps.zip' file: '/opt/teamcity/webapps/ROOT/WEB-INF/plugins/jps-tool/agent/jps.zip', hash: 'SHA-1Oim27aAMuOD8ayVUlWqP6K5OswU='; new plugin 'junitPlugin.zip' file: '/opt/teamcity/webapps/ROOT/WEB-INF/plugins/ant/agent/junitPlugin.zip', hash: 'SHA-1R3uTn5UpafRYTJzMUmARLLb6Iho='; new plugin 'jvm-update.zip' file: '/opt/teamcity/webapps/ROOT/WEB-INF/plugins/jvm-update/agent/jvm-update.zip', hash: 'SHA-1OUlCOH8UeAokePHD3syUfk5XKos='; new plugin 'maven.zip' file: '/opt/teamcity/webapps/ROOT/WEB-INF/plugins/maven-tool/agent/maven.zip', hash: 'SHA-1zefMpJ51dgWmAUgWP0RFT2h+S18='; new plugin 'maven3.zip' file: '/opt/teamcity/webapps/ROOT/WEB-INF/plugins/maven3-tool/agent/maven3.zip', hash: 'SHA-1HPl3reNNaIM5PMLSP2N3f/+kHIA='; new plugin 'maven3_1.zip' file: '/opt/teamcity/webapps/ROOT/WEB-INF/plugins/maven3_1-tool/agent/maven3_1.zip', hash: 'SHA-1rghaR0NVqVG2wKIT5KacqrRfnf8='; new plugin 'maven3_2.zip' file: '/opt/teamcity/webapps/ROOT/WEB-INF/plugins/maven3_2-tool/agent/maven3_2.zip', hash: 'SHA-11iXBGrgIcnAxEjSBONAYnwHZ89M='; new plugin 'maven3_3.zip' file: '/opt/teamcity/webapps/ROOT/WEB-INF/plugins/maven3_3-tool/agent/maven3_3.zip', hash: 'SHA-1B7Du0zHr/QuytCUNhHsZmAxZGcQ='; new plugin 'mavenPlugin.zip' file: '/opt/teamcity/webapps/ROOT/WEB-INF/plugins/Maven2/agent/mavenPlugin.zip', hash: 'SHA-1EL8IreRMY5XyOAyOhfSB1X0kTvU='; new plugin 'mercurial.zip' file: '/opt/teamcity/webapps/ROOT/WEB-INF/plugins/.unpacked/mercurial/agent/mercurial.zip', hash: 'SHA-1Z/KkzZ4XCrKlvCJ+GeIIqykqcBw='; new plugin 'meta-runner.zip' file: '/opt/teamcity/webapps/ROOT/WEB-INF/plugins/meta-runner/agent/meta-runner.zip', hash: 'SHA-1MEyVhz1uU9JBunC8uIGSGlhttfE='; new plugin 'nuget-agent.zip' file: '/opt/teamcity/webapps/ROOT/WEB-INF/plugins/.unpacked/dotNetPackagesSupport/agent/nuget-agent.zip', hash: 'SHA-1qJZzXiy1l5aMbkA6ORRqz2D3XAE='; new plugin 'perfmon-agent.zip' file: '/opt/teamcity/webapps/ROOT/WEB-INF/plugins/.unpacked/perfmon/agent/perfmon-agent.zip', hash: 'SHA-1zORrRoOY/tW+QMnLEbXnbhO3Hc8='; new plugin 'perforce-agent.zip' file: '/opt/teamcity/webapps/ROOT/WEB-INF/plugins/perforce/agent/perforce-agent.zip', hash: 'SHA-1dGbpVLedxpBv9vk/9LEg8q1O6A0='; new plugin 'powershell-agent.zip' file: '/opt/teamcity/webapps/ROOT/WEB-INF/plugins/.unpacked/teamcity-powershell/agent/powershell-agent.zip', hash: 'SHA-1KHxHLW5BK3sfhzEJ3SkLvoTtQjs='; new plugin 'rake-runner.zip' file: '/opt/teamcity/webapps/ROOT/WEB-INF/plugins/.unpacked/rake-runner/agent/rake-runner.zip', hash: 'SHA-11l8BAsnPJMVV6Epf9f2NDkvlfkU='; new plugin 'remoteAccess.zip' file: '/opt/teamcity/webapps/ROOT/WEB-INF/plugins/remoteAccess/agent/remoteAccess.zip', hash: 'SHA-12aYSsf/OXlIsNSQDSmOY5zWOOyQ='; new plugin 'sbt-runner-agent.zip' file: '/opt/teamcity/webapps/ROOT/WEB-INF/plugins/.unpacked/sbt-runner/agent/sbt-runner-agent.zip', hash: 'SHA-1uSvHLGQcpLTyjFcdofbsvI9q6Mw='; new plugin 'ssh-manager.jar' file: '/opt/teamcity/webapps/ROOT/WEB-INF/plugins/ssh-manager/agent/ssh-manager.jar', hash: 'SHA-1PcO4tV881L3lxtGBo/Awou4/25Y='; new plugin 'stacktracesPlugin.zip' file: '/opt/teamcity/webapps/ROOT/WEB-INF/plugins/stacktraces/agent/stacktracesPlugin.zip', hash: 'SHA-1Usba1zmhUZ+u7AV81PLGzeYNjbQ='; new plugin 'svnAgent.zip' file: '/opt/teamcity/webapps/ROOT/WEB-INF/plugins/svn/agent/svnAgent.zip', hash: 'SHA-1iEdM7fZ7doOUljMp21jCEuRAodI='; new plugin 'swabra.zip' file: '/opt/teamcity/webapps/ROOT/WEB-INF/plugins/.unpacked/swabra/agent/swabra.zip', hash: 'SHA-1R8gPcmlw8GBVIDd/SAZ2eeeVC1g='; new plugin 'testNGPlugin.zip' file: '/opt/teamcity/webapps/ROOT/WEB-INF/plugins/ant/agent/testNGPlugin.zip', hash: 'SHA-1ERW0AEnnB4XwH3lk2/Y4VsBhxTk='; new plugin 'tfs-agent.zip' file: '/opt/teamcity/webapps/ROOT/WEB-INF/plugins/tfs/agent/tfs-agent.zip', hash: 'SHA-1DeHC2yoB/FqtGaAbdKmqLUHEcXs='; new plugin 'visualstudiotest-agent.zip' file: '/opt/teamcity/webapps/ROOT/WEB-INF/plugins/visualstudiotest/agent/visualstudiotest-agent.zip', hash: 'SHA-1CV0buGp4sKdZsGKdB0Z57DqOdEo='; new plugin 'xcode-runner.zip' file: '/opt/teamcity/webapps/ROOT/WEB-INF/plugins/.unpacked/xcode-runner/agent/xcode-runner.zip', hash: 'SHA-14ig2yBnxRqd+HNK2iZDIGESN+10='; new plugin 'xml-report-plugin.zip' file: '/opt/teamcity/webapps/ROOT/WEB-INF/plugins/.unpacked/xml-report-plugin/agent/xml-report-plugin.zip', hash: 'SHA-17W++n8sp2h6L0yd/UzpgK1znjCI=' 
[2018-12-05 21:43:50,639]   INFO -    jetbrains.buildServer.AGENT - Removing authorization token '' from agent with no name: "" {id=0, protocol=unidirectional, host=172.18.0.3:9090, agentTypeId=0} 
[2018-12-05 21:43:50,639]   INFO -    jetbrains.buildServer.AGENT - Did not find agent by its authorization token '' and will search by name, agent details: "" {id=0}. 
[2018-12-05 21:43:50,640]   INFO -    jetbrains.buildServer.AGENT - Did not find agent by name, agent details: "" {id=0} 
[2018-12-05 21:43:50,661]   INFO -    jetbrains.buildServer.AGENT - Setting generated name "teamcity-in-docker_teamcity-agent_1" to agent "teamcity-in-docker_teamcity-agent_1" {id=1} as it had no name defined. 
[2018-12-05 21:43:50,663]   INFO -    jetbrains.buildServer.AGENT - New agent authorization token "baa0f869ebfadcf455ec71fc9038c799" was generated for agent "teamcity-in-docker_teamcity-agent_1" {id=1} 
[2018-12-05 21:43:50,690]   INFO -    jetbrains.buildServer.AGENT - Upgrade of agent "teamcity-in-docker_teamcity-agent_1" {id=1} has been scheduled, agent version: 42078, plugins signature: NA. Current version: 42078, plugins signature: 42078-md5-087b5ce2228646200af5a96f735bf4b0 
[2018-12-05 21:43:50,712]   INFO -    jetbrains.buildServer.AGENT - Agent has been registered: "teamcity-in-docker_teamcity-agent_1" {id=1, protocol=unidirectional, host=172.18.0.3:9090, agentTypeId=1, pool=Default}, not running a build 
[2018-12-05 21:43:50,716]   INFO - ldServer.AGENT.PollingProtocol - Polling Agent session 'VrR9Kc9...' was created, agent: "teamcity-in-docker_teamcity-agent_1" {id=1} 
[2018-12-05 21:43:50,851]   WARN -    jetbrains.buildServer.AGENT - Agent "teamcity-in-docker_teamcity-agent_1" {id=1} is unauthorized on registration 
[2018-12-05 21:43:51,348]   INFO -    jetbrains.buildServer.AGENT - Agent "teamcity-in-docker_teamcity-agent_1" {id=1} has confirmed upgrade. 
[2018-12-05 21:43:51,573]   INFO - ldServer.AGENT.PollingProtocol - Polling Agent session 'VrR9Kc9...' was closed, agent: "teamcity-in-docker_teamcity-agent_1" {id=1} 
[2018-12-05 21:43:51,582]   INFO -    jetbrains.buildServer.AGENT - Agent "teamcity-in-docker_teamcity-agent_1" {id=1} has been unregistered. Reason: Agent has unregistered (will upgrade) 
[2018-12-05 21:44:46,221]   INFO -    jetbrains.buildServer.AGENT - Agent has been registered: "teamcity-in-docker_teamcity-agent_1" {id=1, protocol=unidirectional, host=172.18.0.3:9090, agentTypeId=1, pool=Default}, not running a build 
[2018-12-05 21:44:46,223]   INFO - ldServer.AGENT.PollingProtocol - Polling Agent session 'zpgG2Jh...' was created, agent: "teamcity-in-docker_teamcity-agent_1" {id=1} 
[2018-12-05 21:44:46,273]   WARN -    jetbrains.buildServer.AGENT - Agent "teamcity-in-docker_teamcity-agent_1" {id=1} is unauthorized on registration 
[2018-12-05 21:46:28,539]   INFO -   jetbrains.buildServer.SERVER - Huge logs scanning finished 
[2018-12-05 21:49:51,088]   INFO -    jetbrains.buildServer.AGENT - Removing authorization token '' from agent with no name: "" {id=0, protocol=unidirectional, host=172.18.0.3:9090, agentTypeId=0} 
[2018-12-05 21:49:51,088]   INFO -    jetbrains.buildServer.AGENT - Did not find agent by its authorization token '' and will search by name, agent details: "" {id=0}. 
[2018-12-05 21:49:51,088]   INFO -    jetbrains.buildServer.AGENT - Did not find agent by name, agent details: "" {id=0} 
[2018-12-05 21:49:51,089]   INFO -    jetbrains.buildServer.AGENT - Setting generated name "teamcity-in-docker_teamcity-agent_1-1" to agent "teamcity-in-docker_teamcity-agent_1-1" {id=2} as it had no name defined. 
[2018-12-05 21:49:51,094]   INFO -    jetbrains.buildServer.AGENT - New agent authorization token "1e7dbb17a2c046cb0859b39e23b9b6fd" was generated for agent "teamcity-in-docker_teamcity-agent_1-1" {id=2} 
[2018-12-05 21:49:51,178]   INFO -    jetbrains.buildServer.AGENT - Agent has been registered: "teamcity-in-docker_teamcity-agent_1-1" {id=2, protocol=unidirectional, host=172.18.0.3:9090, agentTypeId=2, pool=Default}, not running a build 
[2018-12-05 21:49:51,183]   INFO - ldServer.AGENT.PollingProtocol - Polling Agent session 'awecRDY...' was created, agent: "teamcity-in-docker_teamcity-agent_1-1" {id=2} 
[2018-12-05 21:49:51,222]   WARN -    jetbrains.buildServer.AGENT - Agent "teamcity-in-docker_teamcity-agent_1-1" {id=2} is unauthorized on registration 
[2018-12-05 21:50:01,866]   INFO -    jetbrains.buildServer.AGENT - Agent "teamcity-in-docker_teamcity-agent_1" {id=1, protocol=unidirectional, host=172.18.0.3:9090, agentTypeId=1, pool=Default} can't be pinged. 
[2018-12-05 21:50:01,866]   INFO - ldServer.AGENT.PollingProtocol - Polling Agent session 'zpgG2Jh...' was closed, agent: "teamcity-in-docker_teamcity-agent_1" {id=1} 
[2018-12-05 21:50:01,869]   INFO -    jetbrains.buildServer.AGENT - Agent "teamcity-in-docker_teamcity-agent_1" {id=1} has been unregistered. Reason: Cannot access agent 
[2018-12-05 21:51:06,032]   INFO - tbrains.buildServer.ACTIVITIES - Agent ""teamcity-in-docker_teamcity-agent_1-1" {id=2}" was authorized by "'admin' {id=1}" 
[2018-12-05 21:51:19,921]   INFO -  jetbrains.buildServer.CLEANUP - 		Removing agent Unregistered agent "teamcity-in-docker_teamcity-agent_1" {id=1} 
[2018-12-05 21:51:19,939]   INFO - tbrains.buildServer.ACTIVITIES - Agent "Unregistered agent "teamcity-in-docker_teamcity-agent_1" {id=1}" was removed by "'admin' {id=1}" 
[2018-12-05 21:53:17,826]   INFO -  jetbrains.buildServer.STARTUP - Server shutdown event received 
[2018-12-05 21:53:17,826]   INFO -  jetbrains.buildServer.STARTUP - Current stage: TeamCity server is shutting down 
[2018-12-05 21:53:17,826]   INFO -  jetbrains.buildServer.STARTUP - Stopping the main application 
[2018-12-05 21:53:17,926]   INFO -  jetbrains.buildServer.STARTUP - Destroying the main servlet 
[2018-12-05 21:53:17,927]   INFO - MainTeamCityApplicationContext - Closing WebApplicationContext for namespace 'buildServer-servlet': startup date [Wed Dec 05 21:40:44 UTC 2018]; parent: jetbrains.buildServer.maintenance.WebDispatcherApplicationContext@4315d663 
[2018-12-05 21:53:17,930]   INFO - til.ChildSpringContextLoader$1 - Closing jetbrains.buildServer.util.ChildSpringContextLoader$1@2fd986f7: startup date [Wed Dec 05 21:40:53 UTC 2018]; parent: WebApplicationContext for namespace 'buildServer-servlet' 
[2018-12-05 21:53:18,032]   INFO - tbrains.buildServer.ACTIVITIES - Shutdown Spring components 
[2018-12-05 21:53:18,033]   INFO -   jetbrains.buildServer.SERVER - Start shutdown of the thread "Ping 1" 
[2018-12-05 21:53:18,033]   INFO -   jetbrains.buildServer.SERVER - Start shutdown of the thread "Flush Queue 1" 
[2018-12-05 21:53:18,033]   INFO -   jetbrains.buildServer.SERVER - Start shutdown of the thread "Vcs Monitor 1" 
[2018-12-05 21:53:18,033]   INFO -   jetbrains.buildServer.SERVER - Start shutdown of the thread "Build Triggers Monitor 1" 
[2018-12-05 21:53:18,099]   INFO - ojects.BackgroundPersisterImpl - Shutdown background persister 
[2018-12-05 21:53:18,099]   INFO - ojects.BackgroundPersisterImpl - Background persister shutdown complete 
[2018-12-05 21:53:18,119]   INFO - .index.BuildIndexer (metadata) - Background build indexer finished 
[2018-12-05 21:53:18,484]   INFO -  jetbrains.buildServer.CLEANUP - Cleaning TFS caches in the directory /data/teamcity_server/datadir/system/caches/tfs 
[2018-12-05 21:53:18,491]   INFO - ld.index.BuildIndexer (search) - Background build indexer finished 
