Dec 05, 2018 9:26:21 PM org.apache.catalina.core.ApplicationContext log
INFO: Initializing AtmosphereFramework
Dec 05, 2018 9:26:22 PM org.apache.catalina.core.ApplicationContext log
INFO: No Spring WebApplicationInitializer types detected on classpath
Dec 05, 2018 9:39:27 PM org.apache.catalina.core.ApplicationContext log
INFO: Initializing AtmosphereFramework
Dec 05, 2018 9:39:27 PM org.apache.catalina.core.ApplicationContext log
INFO: No Spring WebApplicationInitializer types detected on classpath
Dec 05, 2018 9:40:44 PM org.apache.catalina.core.ApplicationContext log
INFO: Initializing Spring FrameworkServlet 'buildServer'
Dec 05, 2018 9:41:10 PM com.sun.jersey.server.impl.application.WebApplicationImpl _initiate
INFO: Initiating Jersey application, version 'Jersey: 1.11 12/09/2011 10:27 AM'
Dec 05, 2018 9:41:32 PM org.apache.jasper.compiler.TldLocationsCache tldScanJar
INFO: At least one JAR was scanned for TLDs yet contained no TLDs. Enable debug logging for this logger for a complete list of JARs that were scanned but no TLDs were found in them. Skipping unneeded JARs during scanning can improve startup time and JSP compilation time.
Dec 05, 2018 9:42:16 PM com.sun.jersey.server.impl.application.WebApplicationImpl _initiate
INFO: Initiating Jersey application, version 'Jersey: 1.19 02/11/2015 03:25 AM'
Dec 05, 2018 9:42:16 PM com.sun.jersey.server.impl.application.DeferredResourceConfig$ApplicationHolder <init>
INFO: Instantiated the Application class jetbrains.buildServer.server.rest.jersey.ExtensionsAwareResourceConfig
Dec 05, 2018 9:42:17 PM com.sun.jersey.api.wadl.config.WadlGeneratorLoader loadWadlGenerator
INFO: Loading wadlGenerator com.sun.jersey.server.wadl.generators.WadlGeneratorApplicationDoc
Dec 05, 2018 9:42:17 PM com.sun.jersey.api.wadl.config.WadlGeneratorLoader loadWadlGenerator
INFO: Loading wadlGenerator jetbrains.buildServer.server.rest.jersey.WadlGenerator$PatchedWadlGenerator
Dec 05, 2018 9:42:17 PM com.sun.jersey.api.wadl.config.WadlGeneratorLoader loadWadlGenerator
INFO: Loading wadlGenerator com.sun.jersey.server.wadl.generators.resourcedoc.WadlGeneratorResourceDocSupport
Dec 05, 2018 9:53:17 PM org.apache.catalina.core.ApplicationContext log
INFO: Destroying Spring FrameworkServlet 'buildServer'
